Arguments: 
  /home/superuser/.nvm/versions/node/v12.9.0/bin/node /usr/local/bin/yarn add esm

PATH: 
  /home/superuser/.nvm/versions/node/v12.9.0/bin:/opt/GitHub Desktop:/opt/GitHub Desktop:/usr/local/sbin:/usr/local/bin:/usr/sbin:/usr/bin:/sbin:/bin:/usr/games:/usr/local/games:/snap/bin

Yarn version: 
  1.17.3

Node version: 
  12.9.0

Platform: 
  linux x64

Trace: 
  SyntaxError: /home/superuser/Рабочий стол/mac-theme/package.json: Unexpected end of JSON input
      at JSON.parse (<anonymous>)
      at /usr/local/share/.config/yarn/global/node_modules/yarn/lib/cli.js:1625:59
      at Generator.next (<anonymous>)
      at step (/usr/local/share/.config/yarn/global/node_modules/yarn/lib/cli.js:304:30)
      at /usr/local/share/.config/yarn/global/node_modules/yarn/lib/cli.js:315:13

npm manifest: 
  

yarn manifest: 
  No manifest

Lockfile: 
  No lockfile
